TN:
SF:src\app.ts
FN:42,(anonymous_0)
FN:45,(anonymous_1)
FN:69,(anonymous_2)
FN:76,(anonymous_3)
FN:84,(anonymous_4)
FN:110,(anonymous_5)
FNF:6
FNH:5
FNDA:10,(anonymous_0)
FNDA:69,(anonymous_1)
FNDA:1,(anonymous_2)
FNDA:0,(anonymous_3)
FNDA:1,(anonymous_4)
FNDA:1,(anonymous_5)
DA:20,2
DA:23,2
DA:27,2
DA:30,2
DA:40,2
DA:41,2
DA:42,10
DA:43,2
DA:46,69
DA:47,2
DA:48,1
DA:49,5
DA:51,1
DA:56,0
DA:59,2
DA:63,2
DA:64,2
DA:65,2
DA:66,2
DA:67,2
DA:69,2
DA:70,1
DA:76,2
DA:77,0
DA:84,2
DA:85,1
DA:86,0
DA:91,0
DA:94,1
DA:95,1
DA:96,1
DA:102,0
DA:110,2
DA:111,1
DA:112,0
DA:118,0
DA:121,1
DA:122,1
DA:126,1
DA:127,0
DA:134,0
DA:137,1
DA:144,1
DA:147,0
DA:149,0
DA:150,0
DA:156,0
DA:159,0
LF:48
LH:34
BRDA:32,0,0,0
BRDA:32,0,1,2
BRDA:41,1,0,2
BRDA:41,1,1,0
BRDA:46,2,0,67
BRDA:46,2,1,2
BRDA:47,3,0,1
BRDA:47,3,1,1
BRDA:49,4,0,0
BRDA:49,4,1,5
BRDA:49,5,0,5
BRDA:49,5,1,5
BRDA:85,6,0,0
BRDA:85,6,1,1
BRDA:105,7,0,0
BRDA:105,7,1,0
BRDA:111,8,0,0
BRDA:111,8,1,1
BRDA:111,9,0,1
BRDA:111,9,1,1
BRDA:121,10,0,1
BRDA:121,10,1,0
BRDA:126,11,0,0
BRDA:126,11,1,1
BRDA:149,12,0,0
BRDA:149,12,1,0
BRF:26
BRH:15
end_of_record
TN:
SF:src\server.ts
FN:12,(anonymous_0)
FNF:1
FNH:0
FNDA:0,(anonymous_0)
DA:7,0
DA:8,0
DA:10,0
DA:12,0
DA:13,0
DA:14,0
DA:15,0
DA:16,0
DA:19,0
DA:20,0
DA:21,0
DA:24,0
LF:12
LH:0
BRDA:7,0,0,0
BRDA:7,0,1,0
BRDA:8,1,0,0
BRDA:8,1,1,0
BRDA:10,2,0,0
BRDA:10,2,1,0
BRDA:10,3,0,0
BRDA:10,3,1,0
BRDA:19,4,0,0
BRDA:19,4,1,0
BRF:10
BRH:0
end_of_record
TN:
SF:src\lib\date-utils.ts
FN:1,getPeruDayRange
FNF:1
FNH:0
FNDA:0,getPeruDayRange
DA:2,0
DA:3,0
DA:4,0
DA:5,0
DA:6,0
DA:7,0
LF:6
LH:0
BRF:0
BRH:0
end_of_record
TN:
SF:src\lib\prisma.ts
FN:9,createPrismaClient
FN:44,(anonymous_1)
FNF:2
FNH:2
FNDA:2,createPrismaClient
FNDA:1,(anonymous_1)
DA:5,2
DA:10,2
DA:12,2
DA:13,0
DA:18,2
DA:26,2
DA:28,2
DA:38,2
DA:40,2
DA:41,2
DA:44,2
DA:45,1
LF:12
LH:11
BRDA:12,0,0,0
BRDA:12,0,1,2
BRDA:30,1,0,0
BRDA:30,1,1,2
BRDA:38,2,0,2
BRDA:38,2,1,2
BRDA:40,3,0,2
BRDA:40,3,1,0
BRF:8
BRH:5
end_of_record
TN:
SF:src\lib\repository.ts
FN:14,constructor
FN:21,getClient
FN:30,safeCast
FN:42,getClient_2
FN:46,findAll
FN:58,(anonymous_5)
FN:61,findById
FN:77,create
FN:93,update
FN:110,delete
FN:125,findOneBy
FNF:11
FNH:0
FNDA:0,constructor
FNDA:0,getClient
FNDA:0,safeCast
FNDA:0,getClient_2
FNDA:0,findAll
FNDA:0,(anonymous_5)
FNDA:0,findById
FNDA:0,create
FNDA:0,update
FNDA:0,delete
FNDA:0,findOneBy
DA:15,0
DA:16,0
DA:17,0
DA:22,0
DA:23,0
DA:25,0
DA:31,0
DA:32,0
DA:33,0
DA:34,0
DA:43,0
DA:47,0
DA:48,0
DA:53,0
DA:54,0
DA:55,0
DA:58,0
DA:62,0
DA:63,0
DA:69,0
DA:70,0
DA:71,0
DA:74,0
DA:78,0
DA:79,0
DA:85,0
DA:86,0
DA:87,0
DA:90,0
DA:94,0
DA:95,0
DA:102,0
DA:103,0
DA:104,0
DA:107,0
DA:111,0
DA:112,0
DA:117,0
DA:118,0
DA:119,0
DA:122,0
DA:126,0
DA:127,0
DA:133,0
DA:134,0
DA:135,0
DA:138,0
LF:47
LH:0
BRDA:22,0,0,0
BRDA:22,0,1,0
BRDA:22,1,0,0
BRDA:22,1,1,0
BRDA:31,2,0,0
BRDA:31,2,1,0
BRDA:31,3,0,0
BRDA:31,3,1,0
BRDA:32,4,0,0
BRDA:32,4,1,0
BRDA:33,5,0,0
BRDA:33,5,1,0
BRDA:53,6,0,0
BRDA:53,6,1,0
BRDA:58,7,0,0
BRDA:58,7,1,0
BRDA:69,8,0,0
BRDA:69,8,1,0
BRDA:74,9,0,0
BRDA:74,9,1,0
BRDA:85,10,0,0
BRDA:85,10,1,0
BRDA:102,11,0,0
BRDA:102,11,1,0
BRDA:107,12,0,0
BRDA:107,12,1,0
BRDA:117,13,0,0
BRDA:117,13,1,0
BRDA:133,14,0,0
BRDA:133,14,1,0
BRDA:138,15,0,0
BRDA:138,15,1,0
BRF:32
BRH:0
end_of_record
TN:
SF:src\lib\supabase.ts
FN:19,(anonymous_0)
FNF:1
FNH:0
FNDA:0,(anonymous_0)
DA:3,2
DA:4,2
DA:5,2
DA:7,2
DA:11,2
DA:19,2
LF:6
LH:6
BRDA:8,0,0,2
BRDA:8,0,1,2
BRDA:11,1,0,2
BRDA:11,1,1,0
BRDA:23,2,0,0
BRDA:23,2,1,0
BRF:6
BRH:3
end_of_record
TN:
SF:src\lib\middleware\auth.ts
FN:22,requireAuth
FN:41,optionalAuth
FNF:2
FNH:1
FNDA:40,requireAuth
FNDA:0,optionalAuth
DA:4,2
DA:23,40
DA:25,40
DA:26,2
DA:27,2
DA:30,38
DA:32,38
DA:33,38
DA:34,38
DA:35,38
DA:37,3
DA:42,0
DA:44,0
DA:45,0
DA:46,0
DA:47,0
DA:53,0
LF:17
LH:11
BRDA:4,0,0,2
BRDA:4,0,1,0
BRDA:25,1,0,2
BRDA:25,1,1,38
BRDA:25,2,0,40
BRDA:25,2,1,38
BRDA:44,3,0,0
BRDA:44,3,1,0
BRDA:44,4,0,0
BRDA:44,4,1,0
BRF:10
BRH:5
end_of_record
TN:
SF:src\modules\auth\router.ts
FN:9,handleError
FN:33,(anonymous_1)
FN:43,(anonymous_2)
FN:53,(anonymous_3)
FN:63,(anonymous_4)
FN:77,(anonymous_5)
FNF:6
FNH:3
FNDA:18,handleError
FNDA:18,(anonymous_1)
FNDA:7,(anonymous_2)
FNDA:0,(anonymous_3)
FNDA:0,(anonymous_4)
FNDA:0,(anonymous_5)
DA:7,2
DA:10,18
DA:11,1
DA:12,1
DA:16,1
DA:19,17
DA:20,17
DA:21,17
DA:24,0
DA:25,0
DA:33,2
DA:34,18
DA:35,18
DA:36,5
DA:38,13
DA:43,2
DA:44,7
DA:45,7
DA:46,2
DA:48,5
DA:53,2
DA:54,0
DA:55,0
DA:56,0
DA:58,0
DA:63,2
DA:64,0
DA:65,0
DA:66,0
DA:67,0
DA:68,0
DA:70,0
DA:72,0
DA:77,2
DA:78,0
DA:79,0
DA:80,0
DA:82,0
LF:38
LH:21
BRDA:10,0,0,1
BRDA:10,0,1,17
BRDA:14,1,0,1
BRDA:14,1,1,0
BRDA:19,2,0,17
BRDA:19,2,1,0
BRDA:28,3,0,0
BRDA:28,3,1,0
BRDA:66,4,0,0
BRDA:66,4,1,0
BRF:10
BRH:4
end_of_record
TN:
SF:src\modules\auth\service.ts
FN:28,generateToken
FN:36,generateTempToken
FN:40,verifyTempToken
FN:51,buildAuthUser
FN:65,login
FN:88,verifyOtp
FN:107,register
FN:130,getMe
FN:138,updateProfile
FNF:9
FNH:6
FNDA:2,generateToken
FNDA:5,generateTempToken
FNDA:7,verifyTempToken
FNDA:2,buildAuthUser
FNDA:18,login
FNDA:7,verifyOtp
FNDA:0,register
FNDA:0,getMe
FNDA:0,updateProfile
DA:21,2
DA:22,2
DA:23,2
DA:24,2
DA:29,2
DA:37,5
DA:41,7
DA:42,7
DA:43,7
DA:44,6
DA:46,1
DA:47,1
DA:52,2
DA:53,2
DA:66,18
DA:67,18
DA:69,18
DA:70,17
DA:71,16
DA:73,16
DA:74,16
DA:76,5
DA:77,0
DA:78,0
DA:79,0
DA:82,5
DA:83,5
DA:89,7
DA:90,7
DA:92,7
DA:94,7
DA:96,2
DA:97,2
DA:99,2
DA:100,2
DA:102,2
DA:108,0
DA:109,0
DA:111,0
DA:112,0
DA:114,0
DA:115,0
DA:117,0
DA:118,0
DA:122,0
DA:123,0
DA:125,0
DA:131,0
DA:132,0
DA:133,0
DA:142,0
DA:143,0
DA:145,0
DA:147,0
DA:148,0
DA:151,0
DA:152,0
DA:153,0
DA:154,0
DA:157,0
DA:158,0
DA:159,0
DA:161,0
DA:162,0
DA:164,0
DA:167,0
DA:172,0
DA:173,0
DA:175,0
LF:69
LH:33
BRDA:21,0,0,2
BRDA:21,0,1,0
BRDA:43,1,0,0
BRDA:43,1,1,7
BRDA:46,2,0,0
BRDA:46,2,1,1
BRDA:59,3,0,2
BRDA:59,3,1,0
BRDA:70,4,0,1
BRDA:70,4,1,16
BRDA:71,5,0,0
BRDA:71,5,1,16
BRDA:74,6,0,11
BRDA:74,6,1,5
BRDA:76,7,0,0
BRDA:76,7,1,5
BRDA:97,8,0,0
BRDA:97,8,1,2
BRDA:97,9,0,2
BRDA:97,9,1,2
BRDA:112,10,0,0
BRDA:112,10,1,0
BRDA:115,11,0,0
BRDA:115,11,1,0
BRDA:119,12,0,0
BRDA:119,12,1,0
BRDA:132,13,0,0
BRDA:132,13,1,0
BRDA:132,14,0,0
BRDA:132,14,1,0
BRDA:143,15,0,0
BRDA:143,15,1,0
BRDA:147,16,0,0
BRDA:147,16,1,0
BRDA:151,17,0,0
BRDA:151,17,1,0
BRDA:151,18,0,0
BRDA:151,18,1,0
BRDA:153,19,0,0
BRDA:153,19,1,0
BRDA:157,20,0,0
BRDA:157,20,1,0
BRDA:158,21,0,0
BRDA:158,21,1,0
BRDA:162,22,0,0
BRDA:162,22,1,0
BRF:46
BRH:13
end_of_record
TN:
SF:src\modules\auth\totp-service.ts
FN:5,getOrCreateTotpSecret
FN:42,verifyTotpCode
FNF:2
FNH:1
FNDA:0,getOrCreateTotpSecret
FNDA:6,verifyTotpCode
DA:9,0
DA:11,0
DA:12,0
DA:13,0
DA:15,0
DA:23,0
DA:28,0
DA:31,0
DA:39,0
DA:43,6
DA:44,6
DA:45,0
DA:48,6
DA:49,6
DA:51,6
DA:52,4
LF:16
LH:6
BRDA:11,0,0,0
BRDA:11,0,1,0
BRDA:44,1,0,0
BRDA:44,1,1,6
BRDA:51,2,0,4
BRDA:51,2,1,2
BRF:6
BRH:3
end_of_record
TN:
SF:src\modules\auth\validators.ts
FNF:0
FNH:0
DA:3,2
DA:8,2
DA:16,2
LF:3
LH:3
BRF:0
BRH:0
end_of_record
TN:
SF:src\modules\beneficiaries\repository.ts
FN:5,findAll
FN:41,findById
FN:55,findByDni
FN:63,create
FN:66,(anonymous_4)
FN:85,(anonymous_5)
FN:98,update
FN:105,(anonymous_7)
FN:128,(anonymous_8)
FN:141,delete
FN:148,listHealthConditions
FN:155,listOllas
FN:163,toRecord
FNF:13
FNH:9
FNDA:0,findAll
FNDA:13,findById
FNDA:4,findByDni
FNDA:1,create
FNDA:1,(anonymous_4)
FNDA:0,(anonymous_5)
FNDA:2,update
FNDA:2,(anonymous_7)
FNDA:5,(anonymous_8)
FNDA:1,delete
FNDA:0,listHealthConditions
FNDA:0,listOllas
FNDA:12,toRecord
DA:6,0
DA:8,0
DA:9,0
DA:12,0
DA:13,0
DA:18,0
DA:19,0
DA:20,0
DA:27,0
DA:38,0
DA:42,13
DA:52,12
DA:56,4
DA:60,4
DA:64,1
DA:66,1
DA:67,1
DA:83,1
DA:84,0
DA:85,0
DA:92,1
DA:95,1
DA:103,2
DA:105,2
DA:106,2
DA:122,2
DA:126,2
DA:127,1
DA:128,5
DA:135,2
DA:138,2
DA:142,1
DA:145,1
DA:149,0
DA:156,0
DA:164,12
DA:184,2
LF:37
LH:23
BRDA:8,0,0,0
BRDA:8,0,1,0
BRDA:12,1,0,0
BRDA:12,1,1,0
BRDA:18,2,0,0
BRDA:18,2,1,0
BRDA:52,3,0,9
BRDA:52,3,1,3
BRDA:60,4,0,3
BRDA:60,4,1,1
BRDA:70,5,0,1
BRDA:70,5,1,0
BRDA:71,6,0,1
BRDA:71,6,1,0
BRDA:74,7,0,1
BRDA:74,7,1,0
BRDA:76,8,0,1
BRDA:76,8,1,1
BRDA:77,9,0,1
BRDA:77,9,1,1
BRDA:78,10,0,1
BRDA:78,10,1,0
BRDA:79,11,0,1
BRDA:79,11,1,0
BRDA:83,12,0,0
BRDA:83,12,1,1
BRDA:83,13,0,1
BRDA:83,13,1,1
BRDA:109,14,0,2
BRDA:109,14,1,0
BRDA:110,15,0,2
BRDA:110,15,1,0
BRDA:113,16,0,2
BRDA:113,16,1,0
BRDA:115,17,0,2
BRDA:115,17,1,2
BRDA:116,18,0,2
BRDA:116,18,1,2
BRDA:117,19,0,2
BRDA:117,19,1,0
BRDA:118,20,0,2
BRDA:118,20,1,0
BRDA:126,21,0,1
BRDA:126,21,1,1
BRDA:126,22,0,2
BRDA:126,22,1,2
BRDA:178,23,0,12
BRDA:178,23,1,3
BRDA:179,24,0,12
BRDA:179,24,1,3
BRF:50
BRH:33
end_of_record
TN:
SF:src\modules\beneficiaries\router.ts
FN:17,handleError
FN:57,(anonymous_1)
FN:86,(anonymous_2)
FN:95,(anonymous_3)
FN:114,(anonymous_4)
FN:133,(anonymous_5)
FN:163,(anonymous_6)
FN:199,(anonymous_7)
FNF:8
FNH:4
FNDA:11,handleError
FNDA:0,(anonymous_1)
FNDA:0,(anonymous_2)
FNDA:0,(anonymous_3)
FNDA:0,(anonymous_4)
FNDA:8,(anonymous_5)
FNDA:5,(anonymous_6)
FNDA:2,(anonymous_7)
DA:15,2
DA:18,11
DA:19,10
DA:20,10
DA:24,1
DA:25,1
DA:26,1
DA:27,0
DA:31,0
DA:33,1
DA:34,0
DA:38,0
DA:40,1
DA:41,0
DA:45,0
DA:49,1
DA:50,1
DA:57,2
DA:58,0
DA:59,0
DA:60,0
DA:61,0
DA:62,0
DA:63,0
DA:65,0
DA:66,0
DA:67,0
DA:68,0
DA:69,0
DA:71,0
DA:74,0
DA:80,0
DA:82,0
DA:86,2
DA:87,0
DA:88,0
DA:89,0
DA:91,0
DA:95,2
DA:96,0
DA:97,0
DA:98,0
DA:99,0
DA:100,0
DA:101,0
DA:102,0
DA:104,0
DA:105,0
DA:107,0
DA:108,0
DA:110,0
DA:114,2
DA:115,0
DA:116,0
DA:117,0
DA:119,0
DA:120,0
DA:121,0
DA:122,0
DA:123,0
DA:127,0
DA:129,0
DA:133,2
DA:134,8
DA:135,8
DA:137,8
DA:138,0
DA:139,0
DA:140,0
DA:141,0
DA:143,0
DA:145,8
DA:146,7
DA:149,7
DA:150,0
DA:151,0
DA:156,8
DA:157,1
DA:159,7
DA:163,2
DA:164,5
DA:165,5
DA:167,5
DA:169,2
DA:170,0
DA:171,0
DA:172,0
DA:173,0
DA:175,0
DA:176,0
DA:177,0
DA:179,0
DA:181,2
DA:182,2
DA:185,2
DA:186,0
DA:187,0
DA:192,2
DA:193,2
DA:195,3
DA:199,2
DA:200,2
DA:201,2
DA:203,2
DA:205,1
DA:206,0
DA:207,0
DA:208,0
DA:209,0
DA:211,0
DA:212,0
DA:213,0
DA:217,1
DA:218,1
DA:220,1
LF:115
LH:44
BRDA:18,0,0,10
BRDA:18,0,1,1
BRDA:24,1,0,1
BRDA:24,1,1,0
BRDA:24,2,0,1
BRDA:24,2,1,1
BRDA:24,2,2,1
BRDA:26,3,0,0
BRDA:26,3,1,1
BRDA:33,4,0,0
BRDA:33,4,1,1
BRDA:40,5,0,0
BRDA:40,5,1,1
BRDA:53,6,0,1
BRDA:53,6,1,0
BRDA:60,7,0,0
BRDA:60,7,1,0
BRDA:61,8,0,0
BRDA:61,8,1,0
BRDA:63,9,0,0
BRDA:63,9,1,0
BRDA:65,10,0,0
BRDA:65,10,1,0
BRDA:67,11,0,0
BRDA:67,11,1,0
BRDA:77,12,0,0
BRDA:77,12,1,0
BRDA:77,13,0,0
BRDA:77,13,1,0
BRDA:98,14,0,0
BRDA:98,14,1,0
BRDA:100,15,0,0
BRDA:100,15,1,0
BRDA:119,16,0,0
BRDA:119,16,1,0
BRDA:121,17,0,0
BRDA:121,17,1,0
BRDA:121,18,0,0
BRDA:121,18,1,0
BRDA:137,19,0,0
BRDA:137,19,1,8
BRDA:139,20,0,0
BRDA:139,20,1,0
BRDA:145,21,0,7
BRDA:145,21,1,1
BRDA:149,22,0,0
BRDA:149,22,1,7
BRDA:169,23,0,0
BRDA:169,23,1,2
BRDA:171,24,0,0
BRDA:171,24,1,0
BRDA:175,25,0,0
BRDA:175,25,1,0
BRDA:181,26,0,2
BRDA:181,26,1,0
BRDA:185,27,0,0
BRDA:185,27,1,2
BRDA:205,28,0,0
BRDA:205,28,1,1
BRDA:207,29,0,0
BRDA:207,29,1,0
BRDA:211,30,0,0
BRDA:211,30,1,0
BRF:63
BRH:18
end_of_record
TN:
SF:src\modules\beneficiaries\service.ts
FN:7,parsePayload
FN:82,(anonymous_1)
FN:102,toResponse
FN:119,(anonymous_3)
FN:126,getAllBeneficiaries
FN:140,(anonymous_5)
FN:142,(anonymous_6)
FN:151,getBeneficiaryById
FN:161,registerBeneficiary
FN:176,updateBeneficiary
FN:196,removeBeneficiary
FN:207,getHealthConditions
FN:211,getTenantOllas
FNF:13
FNH:8
FNDA:10,parsePayload
FNDA:5,(anonymous_1)
FNDA:6,toResponse
FNDA:10,(anonymous_3)
FNDA:0,getAllBeneficiaries
FNDA:0,(anonymous_5)
FNDA:0,(anonymous_6)
FNDA:7,getBeneficiaryById
FNDA:8,registerBeneficiary
FNDA:2,updateBeneficiary
FNDA:1,removeBeneficiary
FNDA:0,getHealthConditions
FNDA:0,getTenantOllas
DA:8,10
DA:9,0
DA:12,10
DA:14,10
DA:15,10
DA:16,10
DA:18,10
DA:19,1
DA:22,9
DA:23,0
DA:26,9
DA:27,0
DA:30,9
DA:31,0
DA:34,9
DA:35,0
DA:38,9
DA:39,9
DA:40,1
DA:43,8
DA:44,1
DA:47,7
DA:48,10
DA:49,1
DA:51,6
DA:52,1
DA:55,5
DA:56,10
DA:57,10
DA:58,0
DA:61,5
DA:62,10
DA:63,10
DA:64,10
DA:65,1
DA:68,4
DA:69,10
DA:70,10
DA:71,0
DA:74,4
DA:75,10
DA:76,0
DA:79,4
DA:80,4
DA:81,4
DA:82,3
DA:83,5
DA:87,4
DA:103,6
DA:119,10
DA:127,0
DA:129,0
DA:131,0
DA:140,0
DA:142,0
DA:143,0
DA:144,0
DA:152,7
DA:154,6
DA:155,3
DA:158,3
DA:162,8
DA:164,8
DA:165,2
DA:166,2
DA:167,1
DA:171,1
DA:173,1
DA:177,2
DA:179,2
DA:180,0
DA:183,2
DA:185,2
DA:186,2
DA:187,2
DA:188,0
DA:192,2
DA:193,2
DA:197,1
DA:199,1
DA:200,0
DA:203,1
DA:204,1
DA:208,0
DA:212,0
LF:85
LH:65
BRDA:8,0,0,0
BRDA:8,0,1,10
BRDA:8,1,0,10
BRDA:8,1,1,10
BRDA:14,2,0,10
BRDA:14,2,1,0
BRDA:15,3,0,10
BRDA:15,3,1,0
BRDA:16,4,0,10
BRDA:16,4,1,0
BRDA:18,5,0,1
BRDA:18,5,1,9
BRDA:22,6,0,0
BRDA:22,6,1,9
BRDA:26,7,0,0
BRDA:26,7,1,9
BRDA:30,8,0,0
BRDA:30,8,1,9
BRDA:34,9,0,0
BRDA:34,9,1,9
BRDA:39,10,0,1
BRDA:39,10,1,8
BRDA:43,11,0,1
BRDA:43,11,1,7
BRDA:47,12,0,7
BRDA:47,12,1,0
BRDA:48,13,0,1
BRDA:48,13,1,9
BRDA:51,14,0,1
BRDA:51,14,1,5
BRDA:55,15,0,5
BRDA:55,15,1,0
BRDA:57,16,0,0
BRDA:57,16,1,10
BRDA:61,17,0,0
BRDA:61,17,1,5
BRDA:61,18,0,0
BRDA:61,18,1,0
BRDA:62,19,0,0
BRDA:62,19,1,5
BRDA:62,20,0,0
BRDA:62,20,1,0
BRDA:63,21,0,5
BRDA:63,21,1,0
BRDA:64,22,0,1
BRDA:64,22,1,9
BRDA:68,23,0,4
BRDA:68,23,1,0
BRDA:70,24,0,0
BRDA:70,24,1,10
BRDA:74,25,0,0
BRDA:74,25,1,4
BRDA:75,26,0,0
BRDA:75,26,1,10
BRDA:81,27,0,3
BRDA:81,27,1,1
BRDA:83,28,0,5
BRDA:83,28,1,5
BRDA:83,28,2,5
BRDA:154,29,0,3
BRDA:154,29,1,3
BRDA:164,30,0,2
BRDA:164,30,1,6
BRDA:166,31,0,1
BRDA:166,31,1,1
BRDA:179,32,0,0
BRDA:179,32,1,2
BRDA:185,33,0,2
BRDA:185,33,1,0
BRDA:187,34,0,0
BRDA:187,34,1,2
BRDA:187,35,0,2
BRDA:187,35,1,2
BRDA:199,36,0,0
BRDA:199,36,1,1
BRF:75
BRH:49
end_of_record
TN:
SF:src\modules\mobile\repository.ts
FN:4,getUserOlla
FNF:1
FNH:1
FNDA:17,getUserOlla
DA:3,2
DA:5,17
DA:10,17
LF:3
LH:3
BRDA:10,0,0,17
BRDA:10,0,1,0
BRF:2
BRH:1
end_of_record
TN:
SF:src\modules\mobile\router.ts
FN:17,getOllaIdFromRequest
FN:23,resolveOllaId
FN:31,handleMobileError
FN:61,(anonymous_3)
FN:65,(anonymous_4)
FN:87,(anonymous_5)
FN:112,(anonymous_6)
FN:135,(anonymous_7)
FN:158,(anonymous_8)
FN:175,(anonymous_9)
FN:192,(anonymous_10)
FN:209,(anonymous_11)
FNF:12
FNH:10
FNDA:17,getOllaIdFromRequest
FNDA:17,resolveOllaId
FNDA:9,handleMobileError
FNDA:0,(anonymous_3)
FNDA:1,(anonymous_4)
FNDA:7,(anonymous_5)
FNDA:2,(anonymous_6)
FNDA:2,(anonymous_7)
FNDA:1,(anonymous_8)
FNDA:1,(anonymous_9)
FNDA:0,(anonymous_10)
FNDA:3,(anonymous_11)
DA:15,2
DA:18,17
DA:19,17
DA:20,17
DA:24,17
DA:25,17
DA:27,17
DA:28,17
DA:32,9
DA:33,9
DA:34,9
DA:37,0
DA:38,0
DA:39,0
DA:40,0
DA:41,0
DA:43,0
DA:44,0
DA:45,0
DA:47,0
DA:48,0
DA:49,0
DA:53,0
DA:54,0
DA:61,2
DA:62,0
DA:65,2
DA:66,1
DA:67,1
DA:68,1
DA:70,1
DA:71,0
DA:72,0
DA:75,1
DA:76,1
DA:77,0
DA:78,0
DA:81,1
DA:83,0
DA:87,2
DA:88,7
DA:89,7
DA:90,7
DA:92,7
DA:93,0
DA:94,0
DA:97,7
DA:106,7
DA:108,4
DA:112,2
DA:113,2
DA:114,2
DA:115,2
DA:117,2
DA:118,0
DA:119,0
DA:122,2
DA:129,1
DA:131,1
DA:135,2
DA:136,2
DA:137,2
DA:138,2
DA:140,2
DA:141,0
DA:142,0
DA:145,2
DA:152,1
DA:154,1
DA:158,2
DA:159,1
DA:160,1
DA:161,1
DA:163,1
DA:164,0
DA:165,0
DA:168,1
DA:169,1
DA:171,0
DA:175,2
DA:176,1
DA:177,1
DA:178,1
DA:180,1
DA:181,0
DA:182,0
DA:185,1
DA:186,1
DA:188,0
DA:192,2
DA:193,0
DA:194,0
DA:195,0
DA:197,0
DA:198,0
DA:199,0
DA:202,0
DA:203,0
DA:205,0
DA:209,2
DA:210,3
DA:211,3
DA:212,3
DA:214,3
DA:215,0
DA:216,0
DA:219,3
DA:227,0
DA:229,3
LF:109
LH:66
BRDA:18,0,0,17
BRDA:18,0,1,17
BRDA:19,1,0,0
BRDA:19,1,1,17
BRDA:19,2,0,17
BRDA:19,2,1,0
BRDA:25,3,0,0
BRDA:25,3,1,17
BRDA:28,4,0,17
BRDA:28,4,1,0
BRDA:32,5,0,9
BRDA:32,5,1,0
BRDA:37,6,0,0
BRDA:37,6,1,0
BRDA:37,7,0,0
BRDA:37,7,1,0
BRDA:37,7,2,0
BRDA:39,8,0,0
BRDA:39,8,1,0
BRDA:43,9,0,0
BRDA:43,9,1,0
BRDA:47,10,0,0
BRDA:47,10,1,0
BRDA:57,11,0,0
BRDA:57,11,1,0
BRDA:70,12,0,0
BRDA:70,12,1,1
BRDA:76,13,0,0
BRDA:76,13,1,1
BRDA:92,14,0,0
BRDA:92,14,1,7
BRDA:117,15,0,0
BRDA:117,15,1,2
BRDA:123,16,0,2
BRDA:123,16,1,0
BRDA:140,17,0,0
BRDA:140,17,1,2
BRDA:163,18,0,0
BRDA:163,18,1,1
BRDA:180,19,0,0
BRDA:180,19,1,1
BRDA:197,20,0,0
BRDA:197,20,1,0
BRDA:214,21,0,0
BRDA:214,21,1,3
BRF:45
BRH:16
end_of_record
TN:
SF:src\modules\mobile\service.ts
FN:6,getMobileDashboard
FN:47,(anonymous_1)
FN:48,(anonymous_2)
FN:51,(anonymous_3)
FN:52,(anonymous_4)
FN:76,(anonymous_5)
FN:85,(anonymous_6)
FN:96,registerInventoryMovement
FN:150,updateInventoryStock
FN:176,registerMealDelivery
FN:208,(anonymous_10)
FN:227,(anonymous_11)
FN:231,executeMenuPlan
FN:297,getMobileSuggestions
FN:315,(anonymous_14)
FN:325,(anonymous_15)
FN:335,getMobileAlerts
FN:342,(anonymous_17)
FN:353,resolveMobileAlert
FN:378,uploadMobileDocument
FN:421,constructor
FNF:21
FNH:18
FNDA:1,getMobileDashboard
FNDA:22,(anonymous_1)
FNDA:24,(anonymous_2)
FNDA:24,(anonymous_3)
FNDA:7,(anonymous_4)
FNDA:24,(anonymous_5)
FNDA:0,(anonymous_6)
FNDA:7,registerInventoryMovement
FNDA:3,updateInventoryStock
FNDA:2,registerMealDelivery
FNDA:1,(anonymous_10)
FNDA:1,(anonymous_11)
FNDA:2,executeMenuPlan
FNDA:1,getMobileSuggestions
FNDA:0,(anonymous_14)
FNDA:6,(anonymous_15)
FNDA:1,getMobileAlerts
FNDA:1,(anonymous_17)
FNDA:0,resolveMobileAlert
FNDA:3,uploadMobileDocument
FNDA:9,constructor
DA:4,2
DA:7,1
DA:8,1
DA:9,1
DA:10,1
DA:13,1
DA:45,1
DA:47,22
DA:48,24
DA:50,1
DA:51,24
DA:52,7
DA:59,1
DA:76,24
DA:85,0
DA:108,7
DA:109,0
DA:111,7
DA:112,3
DA:115,4
DA:118,4
DA:119,1
DA:122,3
DA:136,3
DA:138,3
DA:156,3
DA:160,3
DA:163,3
DA:164,1
DA:166,2
DA:169,3
DA:185,2
DA:186,1
DA:189,1
DA:190,1
DA:192,1
DA:197,1
DA:199,2
DA:201,2
DA:208,1
DA:216,1
DA:221,1
DA:227,1
DA:241,2
DA:242,0
DA:244,2
DA:245,1
DA:248,1
DA:249,1
DA:251,1
DA:255,1
DA:256,1
DA:266,1
DA:275,0
DA:288,0
DA:298,1
DA:307,1
DA:314,1
DA:315,0
DA:325,6
DA:336,1
DA:342,1
DA:354,0
DA:358,0
DA:359,0
DA:362,0
DA:367,0
DA:389,3
DA:390,3
DA:393,0
DA:394,0
DA:395,0
DA:398,0
DA:410,0
DA:422,9
DA:425,9
DA:426,9
LF:77
LH:61
BRDA:45,0,0,0
BRDA:45,0,1,1
BRDA:56,1,0,7
BRDA:56,1,1,0
BRDA:64,2,0,1
BRDA:64,2,1,0
BRDA:68,3,0,1
BRDA:68,3,1,1
BRDA:81,4,0,24
BRDA:81,4,1,0
BRDA:108,5,0,0
BRDA:108,5,1,7
BRDA:111,6,0,3
BRDA:111,6,1,4
BRDA:111,7,0,7
BRDA:111,7,1,6
BRDA:118,8,0,1
BRDA:118,8,1,3
BRDA:127,9,0,3
BRDA:127,9,1,3
BRDA:130,10,0,7
BRDA:130,10,1,0
BRDA:131,11,0,7
BRDA:131,11,1,0
BRDA:160,12,0,3
BRDA:160,12,1,0
BRDA:163,13,0,1
BRDA:163,13,1,2
BRDA:163,14,0,3
BRDA:163,14,1,2
BRDA:185,15,0,1
BRDA:185,15,1,1
BRDA:185,16,0,2
BRDA:185,16,1,2
BRDA:199,17,0,2
BRDA:199,17,1,0
BRDA:203,18,0,2
BRDA:203,18,1,0
BRDA:205,19,0,2
BRDA:205,19,1,0
BRDA:226,20,0,1
BRDA:226,20,1,0
BRDA:226,20,2,0
BRDA:241,21,0,0
BRDA:241,21,1,2
BRDA:241,22,0,2
BRDA:241,22,1,2
BRDA:244,23,0,1
BRDA:244,23,1,1
BRDA:244,24,0,2
BRDA:244,24,1,2
BRDA:255,25,0,1
BRDA:255,25,1,0
BRDA:261,26,0,1
BRDA:261,26,1,1
BRDA:280,27,0,0
BRDA:280,27,1,0
BRDA:282,28,0,2
BRDA:282,28,1,0
BRDA:320,29,0,0
BRDA:320,29,1,0
BRDA:321,30,0,0
BRDA:321,30,1,0
BRDA:349,31,0,1
BRDA:349,31,1,0
BRDA:358,32,0,0
BRDA:358,32,1,0
BRDA:374,33,0,0
BRDA:374,33,1,0
BRDA:389,34,0,3
BRDA:389,34,1,0
BRDA:389,35,0,3
BRDA:389,35,1,0
BRDA:394,36,0,0
BRDA:394,36,1,0
BRDA:394,37,0,0
BRDA:394,37,1,0
BRDA:402,38,0,0
BRDA:402,38,1,0
BRDA:405,39,0,3
BRDA:405,39,1,0
BRDA:406,40,0,3
BRDA:406,40,1,0
BRF:83
BRH:46
end_of_record
TN:
SF:src\modules\notifications\router.ts
FN:10,handleError
FN:24,(anonymous_1)
FN:28,(anonymous_2)
FN:46,(anonymous_3)
FNF:4
FNH:0
FNDA:0,handleError
FNDA:0,(anonymous_1)
FNDA:0,(anonymous_2)
FNDA:0,(anonymous_3)
DA:8,2
DA:11,0
DA:12,0
DA:13,0
DA:16,0
DA:17,0
DA:24,2
DA:25,0
DA:28,2
DA:29,0
DA:30,0
DA:31,0
DA:33,0
DA:40,0
DA:42,0
DA:46,2
DA:47,0
DA:48,0
DA:49,0
DA:51,0
DA:60,0
DA:62,0
LF:22
LH:4
BRDA:11,0,0,0
BRDA:11,0,1,0
BRDA:20,1,0,0
BRDA:20,1,1,0
BRDA:35,2,0,0
BRDA:35,2,1,0
BRDA:36,3,0,0
BRDA:36,3,1,0
BRDA:37,4,0,0
BRDA:37,4,1,0
BRDA:53,5,0,0
BRDA:53,5,1,0
BRDA:54,6,0,0
BRDA:54,6,1,0
BRDA:55,7,0,0
BRDA:55,7,1,0
BRDA:56,8,0,0
BRDA:56,8,1,0
BRDA:57,9,0,0
BRDA:57,9,1,0
BRF:20
BRH:0
end_of_record
TN:
SF:src\modules\notifications\service.ts
FN:4,constructor
FN:13,reportDataLoss
FN:39,backupFailedMutation
FNF:3
FNH:0
FNDA:0,constructor
FNDA:0,reportDataLoss
FNDA:0,backupFailedMutation
DA:5,0
DA:8,0
DA:9,0
DA:19,0
DA:34,0
DA:47,0
DA:49,0
DA:61,0
LF:8
LH:0
BRDA:54,0,0,0
BRDA:54,0,1,0
BRDA:56,1,0,0
BRDA:56,1,1,0
BRF:4
BRH:0
end_of_record
TN:
SF:src\modules\ollas-comunes\service.ts
FN:6,parseOllaPayload
FN:27,listOllasByTenantId
FN:35,createOlla
FNF:3
FNH:1
FNDA:0,parseOllaPayload
FNDA:1,listOllasByTenantId
FNDA:0,createOlla
DA:7,0
DA:8,0
DA:10,0
DA:11,0
DA:12,0
DA:13,0
DA:14,0
DA:16,0
DA:28,1
DA:32,1
DA:36,0
DA:38,0
DA:43,0
DA:44,0
DA:45,0
DA:46,0
DA:48,0
DA:50,0
DA:65,0
LF:19
LH:2
BRDA:7,0,0,0
BRDA:7,0,1,0
BRDA:7,1,0,0
BRDA:7,1,1,0
BRDA:13,2,0,0
BRDA:13,2,1,0
BRDA:13,3,0,0
BRDA:13,3,1,0
BRDA:19,4,0,0
BRDA:19,4,1,0
BRDA:20,5,0,0
BRDA:20,5,1,0
BRDA:23,6,0,0
BRDA:23,6,1,0
BRDA:44,7,0,0
BRDA:44,7,1,0
BRDA:46,8,0,0
BRDA:46,8,1,0
BRF:18
BRH:0
end_of_record
TN:
SF:src\modules\ollas-comunes\utils.ts
FN:3,sanitizeOllaText
FN:11,mapOllaStatus
FN:15,toOlla
FNF:3
FNH:2
FNDA:0,sanitizeOllaText
FNDA:2,mapOllaStatus
FNDA:2,toOlla
DA:4,0
DA:5,0
DA:8,0
DA:12,2
DA:16,2
LF:5
LH:2
BRDA:4,0,0,0
BRDA:4,0,1,0
BRDA:12,1,0,0
BRDA:12,1,1,2
BRDA:20,2,0,2
BRDA:20,2,1,2
BRDA:23,3,0,2
BRDA:23,3,1,2
BRDA:24,4,0,2
BRDA:24,4,1,2
BRDA:25,5,0,2
BRDA:25,5,1,2
BRDA:27,6,0,2
BRDA:27,6,1,0
BRF:14
BRH:10
end_of_record
TN:
SF:src\modules\organizations\repository.ts
FN:6,findAll
FN:13,findById
FN:18,findBySlug
FN:20,(anonymous_3)
FN:23,findByName
FN:28,findDuplicatesByName
FN:31,(anonymous_6)
FN:34,existsByName
FN:38,getExistingCodes
FN:40,(anonymous_9)
FN:43,create
FN:62,update
FN:78,delete
FN:83,toRecord
FNF:14
FNH:4
FNDA:3,findAll
FNDA:0,findById
FNDA:2,findBySlug
FNDA:29,(anonymous_3)
FNDA:0,findByName
FNDA:0,findDuplicatesByName
FNDA:0,(anonymous_6)
FNDA:0,existsByName
FNDA:0,getExistingCodes
FNDA:0,(anonymous_9)
FNDA:0,create
FNDA:0,update
FNDA:0,delete
FNDA:81,toRecord
DA:7,3
DA:10,3
DA:14,0
DA:15,0
DA:19,2
DA:20,29
DA:24,0
DA:25,0
DA:29,0
DA:30,0
DA:31,0
DA:35,0
DA:39,0
DA:40,0
DA:50,0
DA:59,0
DA:71,0
DA:75,0
DA:79,0
DA:80,0
DA:92,81
DA:104,2
LF:22
LH:6
BRDA:15,0,0,0
BRDA:15,0,1,0
BRDA:20,1,0,2
BRDA:20,1,1,1
BRDA:31,2,0,0
BRDA:31,2,1,0
BRDA:56,3,0,0
BRDA:56,3,1,0
BRF:8
BRH:2
end_of_record
TN:
SF:src\modules\organizations\router.ts
FN:22,handleOrganizationError
FN:67,(anonymous_1)
FN:79,(anonymous_2)
FN:89,(anonymous_3)
FN:99,(anonymous_4)
FN:109,(anonymous_5)
FN:120,(anonymous_6)
FN:130,(anonymous_7)
FN:145,(anonymous_8)
FN:157,(anonymous_9)
FN:169,(anonymous_10)
FN:184,(anonymous_11)
FN:201,(anonymous_12)
FN:211,(anonymous_13)
FNF:14
FNH:3
FNDA:1,handleOrganizationError
FNDA:1,(anonymous_1)
FNDA:0,(anonymous_2)
FNDA:0,(anonymous_3)
FNDA:0,(anonymous_4)
FNDA:0,(anonymous_5)
FNDA:0,(anonymous_6)
FNDA:0,(anonymous_7)
FNDA:0,(anonymous_8)
FNDA:0,(anonymous_9)
FNDA:0,(anonymous_10)
FNDA:0,(anonymous_11)
FNDA:2,(anonymous_12)
FNDA:0,(anonymous_13)
DA:20,2
DA:26,1
DA:27,1
DA:28,1
DA:32,1
DA:36,0
DA:37,0
DA:38,0
DA:39,0
DA:43,0
DA:45,0
DA:46,0
DA:50,0
DA:52,0
DA:53,0
DA:57,0
DA:61,0
DA:67,2
DA:68,1
DA:69,1
DA:70,1
DA:75,0
DA:79,2
DA:80,0
DA:81,0
DA:82,0
DA:83,0
DA:85,0
DA:89,2
DA:90,0
DA:91,0
DA:92,0
DA:93,0
DA:95,0
DA:99,2
DA:100,0
DA:101,0
DA:102,0
DA:103,0
DA:105,0
DA:109,2
DA:110,0
DA:111,0
DA:112,0
DA:113,0
DA:114,0
DA:116,0
DA:120,2
DA:121,0
DA:122,0
DA:123,0
DA:124,0
DA:126,0
DA:130,2
DA:131,0
DA:132,0
DA:133,0
DA:134,0
DA:135,0
DA:136,0
DA:138,0
DA:139,0
DA:141,0
DA:145,2
DA:146,0
DA:147,0
DA:148,0
DA:153,0
DA:157,2
DA:158,0
DA:159,0
DA:160,0
DA:165,0
DA:169,2
DA:170,0
DA:171,0
DA:175,0
DA:180,0
DA:184,2
DA:185,0
DA:186,0
DA:190,0
DA:195,0
DA:201,2
DA:202,2
DA:203,2
DA:204,1
DA:205,1
DA:207,1
DA:211,2
DA:212,0
DA:213,0
DA:214,0
DA:215,0
DA:217,0
LF:95
LH:26
BRDA:26,0,0,1
BRDA:26,0,1,0
BRDA:26,1,0,1
BRDA:26,1,1,0
BRDA:36,2,0,0
BRDA:36,2,1,0
BRDA:36,3,0,0
BRDA:36,3,1,0
BRDA:36,3,2,0
BRDA:38,4,0,0
BRDA:38,4,1,0
BRDA:45,5,0,0
BRDA:45,5,1,0
BRDA:52,6,0,0
BRDA:52,6,1,0
BRDA:134,7,0,0
BRDA:134,7,1,0
BRDA:134,8,0,0
BRDA:134,8,1,0
BRF:19
BRH:2
end_of_record
TN:
SF:src\modules\organizations\service.ts
FN:13,parseOrganizationPayload
FN:33,listOrganizations
FN:38,getOrganizationBySlug
FN:48,createOrganization
FN:73,updateOrganizationBySlug
FN:103,updateOrganizationStatusBySlug
FN:121,getAdminDashboard
FN:191,(anonymous_7)
FN:198,(anonymous_8)
FN:207,getTenantInventoryStock
FN:222,(anonymous_10)
FN:234,getTenantInventoryMovements
FN:247,(anonymous_12)
FN:262,getTenantAlerts
FN:271,(anonymous_14)
FN:284,getReportsSummary
FN:332,(anonymous_16)
FN:345,updateTenantAlert
FNF:18
FNH:2
FNDA:0,parseOrganizationPayload
FNDA:1,listOrganizations
FNDA:2,getOrganizationBySlug
FNDA:0,createOrganization
FNDA:0,updateOrganizationBySlug
FNDA:0,updateOrganizationStatusBySlug
FNDA:0,getAdminDashboard
FNDA:0,(anonymous_7)
FNDA:0,(anonymous_8)
FNDA:0,getTenantInventoryStock
FNDA:0,(anonymous_10)
FNDA:0,getTenantInventoryMovements
FNDA:0,(anonymous_12)
FNDA:0,getTenantAlerts
FNDA:0,(anonymous_14)
FNDA:0,getReportsSummary
FNDA:0,(anonymous_16)
FNDA:0,updateTenantAlert
DA:14,0
DA:15,0
DA:18,0
DA:19,0
DA:20,0
DA:21,0
DA:23,0
DA:24,0
DA:30,0
DA:34,1
DA:35,1
DA:39,2
DA:41,2
DA:42,1
DA:45,1
DA:49,0
DA:51,0
DA:52,0
DA:53,0
DA:59,0
DA:60,0
DA:62,0
DA:70,0
DA:74,0
DA:76,0
DA:77,0
DA:80,0
DA:82,0
DA:83,0
DA:84,0
DA:90,0
DA:96,0
DA:97,0
DA:100,0
DA:104,0
DA:106,0
DA:107,0
DA:110,0
DA:114,0
DA:115,0
DA:118,0
DA:123,0
DA:131,0
DA:141,0
DA:155,0
DA:159,0
DA:160,0
DA:161,0
DA:162,0
DA:163,0
DA:164,0
DA:168,0
DA:169,0
DA:170,0
DA:171,0
DA:172,0
DA:173,0
DA:174,0
DA:177,0
DA:180,0
DA:191,0
DA:198,0
DA:208,0
DA:222,0
DA:235,0
DA:247,0
DA:263,0
DA:271,0
DA:285,0
DA:286,0
DA:287,0
DA:288,0
DA:289,0
DA:292,0
DA:293,0
DA:295,0
DA:314,0
DA:321,0
DA:332,0
DA:346,0
DA:350,0
DA:351,0
DA:354,0
DA:365,0
LF:84
LH:6
BRDA:14,0,0,0
BRDA:14,0,1,0
BRDA:14,1,0,0
BRDA:14,1,1,0
BRDA:23,2,0,0
BRDA:23,2,1,0
BRDA:23,3,0,0
BRDA:23,3,1,0
BRDA:23,3,2,0
BRDA:41,4,0,1
BRDA:41,4,1,1
BRDA:52,5,0,0
BRDA:52,5,1,0
BRDA:76,6,0,0
BRDA:76,6,1,0
BRDA:83,7,0,0
BRDA:83,7,1,0
BRDA:96,8,0,0
BRDA:96,8,1,0
BRDA:106,9,0,0
BRDA:106,9,1,0
BRDA:114,10,0,0
BRDA:114,10,1,0
BRDA:162,11,0,0
BRDA:162,11,1,0
BRDA:163,12,0,0
BRDA:163,12,1,0
BRDA:196,13,0,0
BRDA:196,13,1,0
BRDA:227,14,0,0
BRDA:227,14,1,0
BRDA:257,15,0,0
BRDA:257,15,1,0
BRDA:258,16,0,0
BRDA:258,16,1,0
BRDA:273,17,0,0
BRDA:273,17,1,0
BRDA:280,18,0,0
BRDA:280,18,1,0
BRDA:286,19,0,0
BRDA:286,19,1,0
BRDA:286,20,0,0
BRDA:286,20,1,0
BRDA:288,21,0,0
BRDA:288,21,1,0
BRDA:289,22,0,0
BRDA:289,22,1,0
BRDA:293,23,0,0
BRDA:293,23,1,0
BRDA:296,24,0,0
BRDA:296,24,1,0
BRDA:297,25,0,0
BRDA:297,25,1,0
BRDA:298,26,0,0
BRDA:298,26,1,0
BRDA:299,27,0,0
BRDA:299,27,1,0
BRDA:301,28,0,0
BRDA:301,28,1,0
BRDA:305,29,0,0
BRDA:305,29,1,0
BRDA:306,30,0,0
BRDA:306,30,1,0
BRDA:306,31,0,0
BRDA:306,31,1,0
BRDA:307,32,0,0
BRDA:307,32,1,0
BRDA:308,33,0,0
BRDA:308,33,1,0
BRDA:315,34,0,0
BRDA:315,34,1,0
BRDA:325,35,0,0
BRDA:325,35,1,0
BRDA:326,36,0,0
BRDA:326,36,1,0
BRDA:350,37,0,0
BRDA:350,37,1,0
BRDA:358,38,0,0
BRDA:358,38,1,0
BRDA:367,39,0,0
BRDA:367,39,1,0
BRDA:374,40,0,0
BRDA:374,40,1,0
BRF:83
BRH:2
end_of_record
TN:
SF:src\modules\organizations\utils.ts
FN:8,buildOrganizationSlug
FN:17,buildBaseOrganizationCode
FN:28,buildUniqueOrganizationCode
FN:52,sanitizeOrganizationText
FN:60,mapOrganizationStatus
FN:64,mapDatabaseStatus
FN:68,toOrganization
FNF:7
FNH:3
FNDA:57,buildOrganizationSlug
FNDA:0,buildBaseOrganizationCode
FNDA:0,buildUniqueOrganizationCode
FNDA:0,sanitizeOrganizationText
FNDA:28,mapOrganizationStatus
FNDA:0,mapDatabaseStatus
FNDA:28,toOrganization
DA:9,57
DA:18,0
DA:25,0
DA:29,0
DA:30,0
DA:32,0
DA:33,0
DA:36,0
DA:38,0
DA:39,0
DA:40,0
DA:42,0
DA:43,0
DA:46,0
DA:49,0
DA:53,0
DA:54,0
DA:57,0
DA:61,28
DA:65,0
DA:69,28
LF:21
LH:3
BRDA:25,0,0,0
BRDA:25,0,1,0
BRDA:32,1,0,0
BRDA:32,1,1,0
BRDA:42,2,0,0
BRDA:42,2,1,0
BRDA:53,3,0,0
BRDA:53,3,1,0
BRDA:61,4,0,1
BRDA:61,4,1,27
BRDA:65,5,0,0
BRDA:65,5,1,0
BRDA:65,6,0,0
BRDA:65,6,1,0
BRDA:77,7,0,28
BRDA:77,7,1,0
BRF:16
BRH:3
end_of_record
